<?xml version="1.0" encoding="UTF-8" ?>
<testsuite tests="1" failures="1" name="com.chch.test.TestOrder" time="83.55" errors="0" skipped="0">
  <properties>
[...]
</properties>
  <testcase classname="com.chch.test.TestOrder" name="Order" time="83.55">
    <failure message="expected [Checkout] but found [Success Page]" type="java.lang.AssertionError">java.lang.AssertionError: expected [Checkout] but found [Success Page]
	at org.testng.Assert.fail(Assert.java:94)
	at org.testng.Assert.failNotEquals(Assert.java:494)
	at org.testng.Assert.assertEquals(Assert.java:123)
	at org.testng.Assert.assertEquals(Assert.java:176)
	at org.testng.Assert.assertEquals(Assert.java:186)
	at com.chch.common.WebDriverUtility.compareTitle(WebDriverUtility.java:68)
	at com.chch.test.TestOrder.Order(TestOrder.java:38)
</failure>
    <system-out>Configuring TestNG with: org.apache.maven.surefire.testng.conf.TestNG652Configurator@1e81f4dc
element is clicked  By.cssSelector: .show-search.icon--search
element is clicked  By.cssSelector: #search
Filling a text &apos;Chevron Vacay Scarf&apos; into the field &apos;By.cssSelector: #search&apos; on page &apos;https://chrm-uat.mage.onestop.com/&apos;
element is clicked  By.cssSelector: .product-image-box&gt;img
element is clicked  By.cssSelector: .swatch-attribute-options .swatch-option
element is clicked  By.cssSelector: #product-addtocart-button
element is clicked  By.cssSelector: .minicart-wrapper .action.showcart
Filling a text &apos;LenjaDiscount&apos; into the field &apos;By.cssSelector: #coupon_code&apos; on page &apos;https://chrm-uat.mage.onestop.com/checkout/cart/&apos;
element is clicked  By.cssSelector: #apply
element is clicked  By.cssSelector: .action.primary.checkout
Filling a text &apos;lbartshchuk@gorillagroup.com&apos; into the field &apos;By.cssSelector: #customer-email&apos; on page &apos;https://chrm-uat.mage.onestop.com/checkout/&apos;
element is clicked  By.cssSelector: #customer-email
element is clicked  By.cssSelector: #customer-password
Filling a text &apos;Test123123&apos; into the field &apos;By.cssSelector: #customer-password&apos; on page &apos;https://chrm-uat.mage.onestop.com/checkout/&apos;
element is clicked  By.cssSelector: .action.login.primary
element is clicked  By.cssSelector: .primary .button.action.continue.primary
element is clicked  By.cssSelector: .col.col-method .custom-radio [id=&apos;s_method_ups_1DM&apos;]
actualTitle  Checkout
expectedTitle  Success Page
</system-out>
    <system-err>Starting ChromeDriver 2.30.477700 (0057494ad8732195794a7b32078424f92a5fce41) on port 45011
Only local connections are allowed.
Aug 09, 2017 7:01:15 PM org.openqa.selenium.remote.ProtocolHandshake createSession
INFO: Detected dialect: OSS
</system-err>
  </testcase>
</testsuite>